<?xml version="1.0" encoding="UTF-8"?>
<!-- Generated by org.testng.reporters.JUnitXMLReporter -->
<testsuite hostname="evansm-hp-pavilion-15-notebook-pc" ignored="0" name="Surefire test" tests="6" failures="0" timestamp="2019-09-09T15:11:08 EAT" time="11.877" errors="0">
  <testcase name="testCreateTables on testCreateTables(com.evens.net.MoviesTest)" time="2.731" classname="com.evens.net.MoviesTest"/>
  <testcase name="testUrl on testUrl(com.evens.net.MoviesTest)" time="4.533" classname="com.evens.net.MoviesTest"/>
  <testcase name="testInsertMoviesGenres on testInsertMoviesGenres(com.evens.net.MoviesTest)" time="7.695" classname="com.evens.net.MoviesTest"/>
  <testcase name="testInsertGenres on testInsertGenres(com.evens.net.MoviesTest)" time="10.561" classname="com.evens.net.MoviesTest"/>
  <testcase name="testInsertMovies on testInsertMovies(com.evens.net.MoviesTest)" time="11.505" classname="com.evens.net.MoviesTest"/>
  <testcase name="testPostgresql on testPostgresql(com.evens.net.DBTest)" time="0.079" classname="com.evens.net.DBTest"/>
</testsuite> <!-- Surefire test -->
