<?xml version="1.0" encoding="UTF-8"?>
<!-- Generated by org.testng.reporters.JUnitXMLReporter -->
<testsuite hostname="evansm-hp-pavilion-15-notebook-pc" ignored="0" name="Surefire test" tests="4" failures="0" timestamp="2019-09-05T11:59:33 EAT" time="2.711" errors="0">
  <testcase name="testCreateTables on testCreateTables(com.evens.net.MoviesTest)" time="0.678" classname="com.evens.net.MoviesTest"/>
  <testcase name="testUrl on testUrl(com.evens.net.MoviesTest)" time="2.326" classname="com.evens.net.MoviesTest"/>
  <testcase name="testInsert on testInsert(com.evens.net.MoviesTest)" time="2.392" classname="com.evens.net.MoviesTest"/>
  <testcase name="testPostgresql on testPostgresql(com.evens.net.DBTest)" time="0.036" classname="com.evens.net.DBTest"/>
</testsuite> <!-- Surefire test -->
