<?xml version="1.0" encoding="UTF-8"?>
<testng-results skipped="0" failed="0" ignored="0" total="1" passed="1">
  <reporter-output>
  </reporter-output>
  <suite name="Surefire suite" duration-ms="843" started-at="2019-10-11T09:18:14 EAT" finished-at="2019-10-11T09:18:15 EAT">
    <groups>
    </groups>
    <test name="Surefire test" duration-ms="843" started-at="2019-10-11T09:18:14 EAT" finished-at="2019-10-11T09:18:15 EAT">
      <class name="com.evens.net.DBTest">
        <test-method status="PASS" signature="testPostgresql() throws java.sql.SQLException" name="testPostgresql" duration-ms="624" started-at="2019-10-11T09:18:14 EAT" finished-at="2019-10-11T09:18:15 EAT">
          <reporter-output>
          </reporter-output>
        </test-method> <!-- testPostgresql -->
      </class> <!-- com.evens.net.DBTest -->
    </test> <!-- Surefire test -->
  </suite> <!-- Surefire suite -->
</testng-results>
